<?xml version="1.0" encoding="UTF-8"?>
<testng-results skipped="0" failed="0" ignored="0" total="1" passed="1">
  <reporter-output>
  </reporter-output>
  <suite name="Suite" duration-ms="38276" started-at="2022-06-28T12:15:06 IST" finished-at="2022-06-28T12:15:44 IST">
    <groups>
    </groups>
    <test name="Test" duration-ms="38276" started-at="2022-06-28T12:15:06 IST" finished-at="2022-06-28T12:15:44 IST">
      <class name="V_MADHU_K.maventest2.LoginTest">
        <test-method status="PASS" signature="login()[pri:0, instance:V_MADHU_K.maventest2.LoginTest@1a1d6a08]" name="login" duration-ms="38163" started-at="2022-06-28T12:15:06 IST" finished-at="2022-06-28T12:15:44 IST">
          <reporter-output>
          </reporter-output>
        </test-method> <!-- login -->
      </class> <!-- V_MADHU_K.maventest2.LoginTest -->
    </test> <!-- Test -->
  </suite> <!-- Suite -->
</testng-results>
